[0.373s] DEBUG:colcon:Command line arguments: ['/usr/bin/colcon', 'build']
[0.373s] DEBUG:colcon:Parsed command line arguments: Namespace(log_base=None, log_level=None, verb_name='build', build_base='build', install_base='install', merge_install=False, symlink_install=False, test_result_base=None, continue_on_error=False, executor='parallel', parallel_workers=2, event_handlers=None, ignore_user_meta=False, metas=['./colcon.meta'], base_paths=['.'], packages_ignore=None, packages_ignore_regex=None, paths=None, packages_up_to=None, packages_up_to_regex=None, packages_above=None, packages_above_and_dependencies=None, packages_above_depth=None, packages_select_by_dep=None, packages_skip_by_dep=None, packages_skip_up_to=None, packages_select_build_failed=False, packages_skip_build_finished=False, packages_select_test_failures=False, packages_skip_test_passed=False, packages_select=None, packages_skip=None, packages_select_regex=None, packages_skip_regex=None, packages_start=None, packages_end=None, allow_overriding=[], cmake_args=None, cmake_target=None, cmake_target_skip_unavailable=False, cmake_clean_cache=False, cmake_clean_first=False, cmake_force_configure=False, ament_cmake_args=None, catkin_cmake_args=None, catkin_skip_building_tests=False, verb_parser=<colcon_defaults.argument_parser.defaults.DefaultArgumentsDecorator object at 0x7178ed3547c0>, verb_extension=<colcon_core.verb.build.BuildVerb object at 0x7178ed465c90>, main=<bound method BuildVerb.main of <colcon_core.verb.build.BuildVerb object at 0x7178ed465c90>>)
[1.118s] Level 1:colcon.colcon_core.package_discovery:discover_packages(colcon_meta) check parameters
[1.118s] Level 1:colcon.colcon_core.package_discovery:discover_packages(recursive) check parameters
[1.118s] Level 1:colcon.colcon_core.package_discovery:discover_packages(ignore) check parameters
[1.118s] Level 1:colcon.colcon_core.package_discovery:discover_packages(path) check parameters
[1.118s] Level 1:colcon.colcon_core.package_discovery:discover_packages(colcon_meta) discover
[1.119s] Level 1:colcon.colcon_core.package_discovery:discover_packages(recursive) discover
[1.119s] INFO:colcon.colcon_core.package_discovery:Crawling recursively for packages in '/home/eva/ros2_ws'
[1.119s] Level 1:colcon.colcon_core.package_identification:_identify(.) by extensions ['ignore', 'ignore_ament_install']
[1.119s] Level 1:colcon.colcon_core.package_identification:_identify(.) by extension 'ignore'
[1.119s] Level 1:colcon.colcon_core.package_identification:_identify(.) by extension 'ignore_ament_install'
[1.119s] Level 1:colcon.colcon_core.package_identification:_identify(.) by extensions ['colcon_pkg']
[1.119s] Level 1:colcon.colcon_core.package_identification:_identify(.) by extension 'colcon_pkg'
[1.119s] Level 1:colcon.colcon_core.package_identification:_identify(.) by extensions ['colcon_meta']
[1.119s] Level 1:colcon.colcon_core.package_identification:_identify(.) by extension 'colcon_meta'
[1.119s] Level 1:colcon.colcon_core.package_identification:_identify(.) by extensions ['ros']
[1.119s] Level 1:colcon.colcon_core.package_identification:_identify(.) by extension 'ros'
[1.146s] Level 1:colcon.colcon_core.package_identification:_identify(.) by extensions ['cmake', 'python']
[1.146s] Level 1:colcon.colcon_core.package_identification:_identify(.) by extension 'cmake'
[1.146s] Level 1:colcon.colcon_core.package_identification:_identify(.) by extension 'python'
[1.146s] Level 1:colcon.colcon_core.package_identification:_identify(.) by extensions ['python_setup_py']
[1.146s] Level 1:colcon.colcon_core.package_identification:_identify(.) by extension 'python_setup_py'
[1.147s] Level 1:colcon.colcon_core.package_identification:_identify(build) by extensions ['ignore', 'ignore_ament_install']
[1.147s] Level 1:colcon.colcon_core.package_identification:_identify(build) by extension 'ignore'
[1.147s] Level 1:colcon.colcon_core.package_identification:_identify(build) ignored
[1.147s] Level 1:colcon.colcon_core.package_identification:_identify(install) by extensions ['ignore', 'ignore_ament_install']
[1.147s] Level 1:colcon.colcon_core.package_identification:_identify(install) by extension 'ignore'
[1.147s] Level 1:colcon.colcon_core.package_identification:_identify(install) ignored
[1.147s] Level 1:colcon.colcon_core.package_identification:_identify(log) by extensions ['ignore', 'ignore_ament_install']
[1.147s] Level 1:colcon.colcon_core.package_identification:_identify(log) by extension 'ignore'
[1.148s] Level 1:colcon.colcon_core.package_identification:_identify(log) ignored
[1.148s] Level 1:colcon.colcon_core.package_identification:_identify(src) by extensions ['ignore', 'ignore_ament_install']
[1.148s] Level 1:colcon.colcon_core.package_identification:_identify(src) by extension 'ignore'
[1.148s] Level 1:colcon.colcon_core.package_identification:_identify(src) by extension 'ignore_ament_install'
[1.148s] Level 1:colcon.colcon_core.package_identification:_identify(src) by extensions ['colcon_pkg']
[1.148s] Level 1:colcon.colcon_core.package_identification:_identify(src) by extension 'colcon_pkg'
[1.148s] Level 1:colcon.colcon_core.package_identification:_identify(src) by extensions ['colcon_meta']
[1.148s] Level 1:colcon.colcon_core.package_identification:_identify(src) by extension 'colcon_meta'
[1.149s] Level 1:colcon.colcon_core.package_identification:_identify(src) by extensions ['ros']
[1.149s] Level 1:colcon.colcon_core.package_identification:_identify(src) by extension 'ros'
[1.149s] Level 1:colcon.colcon_core.package_identification:_identify(src) by extensions ['cmake', 'python']
[1.149s] Level 1:colcon.colcon_core.package_identification:_identify(src) by extension 'cmake'
[1.149s] Level 1:colcon.colcon_core.package_identification:_identify(src) by extension 'python'
[1.149s] Level 1:colcon.colcon_core.package_identification:_identify(src) by extensions ['python_setup_py']
[1.149s] Level 1:colcon.colcon_core.package_identification:_identify(src) by extension 'python_setup_py'
[1.149s] Level 1:colcon.colcon_core.package_identification:_identify(src/arm_control) by extensions ['ignore', 'ignore_ament_install']
[1.149s] Level 1:colcon.colcon_core.package_identification:_identify(src/arm_control) by extension 'ignore'
[1.149s] Level 1:colcon.colcon_core.package_identification:_identify(src/arm_control) by extension 'ignore_ament_install'
[1.150s] Level 1:colcon.colcon_core.package_identification:_identify(src/arm_control) by extensions ['colcon_pkg']
[1.150s] Level 1:colcon.colcon_core.package_identification:_identify(src/arm_control) by extension 'colcon_pkg'
[1.150s] Level 1:colcon.colcon_core.package_identification:_identify(src/arm_control) by extensions ['colcon_meta']
[1.150s] Level 1:colcon.colcon_core.package_identification:_identify(src/arm_control) by extension 'colcon_meta'
[1.150s] Level 1:colcon.colcon_core.package_identification:_identify(src/arm_control) by extensions ['ros']
[1.150s] Level 1:colcon.colcon_core.package_identification:_identify(src/arm_control) by extension 'ros'
[1.154s] DEBUG:colcon.colcon_core.package_identification:Package 'src/arm_control' with type 'ros.ament_cmake' and name 'arm_control'
[1.155s] Level 1:colcon.colcon_core.package_identification:_identify(src/aruco_recognition) by extensions ['ignore', 'ignore_ament_install']
[1.155s] Level 1:colcon.colcon_core.package_identification:_identify(src/aruco_recognition) by extension 'ignore'
[1.155s] Level 1:colcon.colcon_core.package_identification:_identify(src/aruco_recognition) by extension 'ignore_ament_install'
[1.155s] Level 1:colcon.colcon_core.package_identification:_identify(src/aruco_recognition) by extensions ['colcon_pkg']
[1.155s] Level 1:colcon.colcon_core.package_identification:_identify(src/aruco_recognition) by extension 'colcon_pkg'
[1.155s] Level 1:colcon.colcon_core.package_identification:_identify(src/aruco_recognition) by extensions ['colcon_meta']
[1.155s] Level 1:colcon.colcon_core.package_identification:_identify(src/aruco_recognition) by extension 'colcon_meta'
[1.155s] Level 1:colcon.colcon_core.package_identification:_identify(src/aruco_recognition) by extensions ['ros']
[1.155s] Level 1:colcon.colcon_core.package_identification:_identify(src/aruco_recognition) by extension 'ros'
[1.172s] DEBUG:colcon.colcon_core.package_identification:Package 'src/aruco_recognition' with type 'ros.ament_cmake' and name 'aruco_recognition'
[1.173s] Level 1:colcon.colcon_core.package_identification:_identify(src/final_description) by extensions ['ignore', 'ignore_ament_install']
[1.173s] Level 1:colcon.colcon_core.package_identification:_identify(src/final_description) by extension 'ignore'
[1.173s] Level 1:colcon.colcon_core.package_identification:_identify(src/final_description) by extension 'ignore_ament_install'
[1.173s] Level 1:colcon.colcon_core.package_identification:_identify(src/final_description) by extensions ['colcon_pkg']
[1.173s] Level 1:colcon.colcon_core.package_identification:_identify(src/final_description) by extension 'colcon_pkg'
[1.173s] Level 1:colcon.colcon_core.package_identification:_identify(src/final_description) by extensions ['colcon_meta']
[1.173s] Level 1:colcon.colcon_core.package_identification:_identify(src/final_description) by extension 'colcon_meta'
[1.173s] Level 1:colcon.colcon_core.package_identification:_identify(src/final_description) by extensions ['ros']
[1.173s] Level 1:colcon.colcon_core.package_identification:_identify(src/final_description) by extension 'ros'
[1.175s] DEBUG:colcon.colcon_core.package_identification:Package 'src/final_description' with type 'ros.ament_cmake' and name 'final_description'
[1.175s] Level 1:colcon.colcon_core.package_identification:_identify(src/final_description_moveit_config) by extensions ['ignore', 'ignore_ament_install']
[1.175s] Level 1:colcon.colcon_core.package_identification:_identify(src/final_description_moveit_config) by extension 'ignore'
[1.175s] Level 1:colcon.colcon_core.package_identification:_identify(src/final_description_moveit_config) by extension 'ignore_ament_install'
[1.175s] Level 1:colcon.colcon_core.package_identification:_identify(src/final_description_moveit_config) by extensions ['colcon_pkg']
[1.175s] Level 1:colcon.colcon_core.package_identification:_identify(src/final_description_moveit_config) by extension 'colcon_pkg'
[1.176s] Level 1:colcon.colcon_core.package_identification:_identify(src/final_description_moveit_config) by extensions ['colcon_meta']
[1.176s] Level 1:colcon.colcon_core.package_identification:_identify(src/final_description_moveit_config) by extension 'colcon_meta'
[1.176s] Level 1:colcon.colcon_core.package_identification:_identify(src/final_description_moveit_config) by extensions ['ros']
[1.176s] Level 1:colcon.colcon_core.package_identification:_identify(src/final_description_moveit_config) by extension 'ros'
[1.177s] DEBUG:colcon.colcon_core.package_identification:Package 'src/final_description_moveit_config' with type 'ros.ament_cmake' and name 'final_description_moveit_config'
[1.177s] Level 1:colcon.colcon_core.package_discovery:discover_packages(recursive) using defaults
[1.177s] Level 1:colcon.colcon_core.package_discovery:discover_packages(ignore) discover
[1.177s] Level 1:colcon.colcon_core.package_discovery:discover_packages(ignore) using defaults
[1.177s] Level 1:colcon.colcon_core.package_discovery:discover_packages(path) discover
[1.177s] Level 1:colcon.colcon_core.package_discovery:discover_packages(path) using defaults
[1.236s] Level 1:colcon.colcon_core.package_discovery:discover_packages(prefix_path) check parameters
[1.236s] Level 1:colcon.colcon_core.package_discovery:discover_packages(prefix_path) discover
[1.244s] DEBUG:colcon.colcon_installed_package_information.package_discovery:Found 3 installed packages in /home/eva/2025-Summer-Knights-RASSOR/ezrassor_rover/install
[1.247s] DEBUG:colcon.colcon_installed_package_information.package_discovery:Found 363 installed packages in /opt/ros/humble
[1.250s] Level 1:colcon.colcon_core.package_discovery:discover_packages(prefix_path) using defaults
[1.355s] Level 5:colcon.colcon_core.verb:set package 'arm_control' build argument 'cmake_args' from command line to 'None'
[1.355s] Level 5:colcon.colcon_core.verb:set package 'arm_control' build argument 'cmake_target' from command line to 'None'
[1.355s] Level 5:colcon.colcon_core.verb:set package 'arm_control' build argument 'cmake_target_skip_unavailable' from command line to 'False'
[1.355s] Level 5:colcon.colcon_core.verb:set package 'arm_control' build argument 'cmake_clean_cache' from command line to 'False'
[1.355s] Level 5:colcon.colcon_core.verb:set package 'arm_control' build argument 'cmake_clean_first' from command line to 'False'
[1.355s] Level 5:colcon.colcon_core.verb:set package 'arm_control' build argument 'cmake_force_configure' from command line to 'False'
[1.355s] Level 5:colcon.colcon_core.verb:set package 'arm_control' build argument 'ament_cmake_args' from command line to 'None'
[1.356s] Level 5:colcon.colcon_core.verb:set package 'arm_control' build argument 'catkin_cmake_args' from command line to 'None'
[1.356s] Level 5:colcon.colcon_core.verb:set package 'arm_control' build argument 'catkin_skip_building_tests' from command line to 'False'
[1.356s] DEBUG:colcon.colcon_core.verb:Building package 'arm_control' with the following arguments: {'ament_cmake_args': None, 'build_base': '/home/eva/ros2_ws/build/arm_control', 'catkin_cmake_args': None, 'catkin_skip_building_tests': False, 'cmake_args': None, 'cmake_clean_cache': False, 'cmake_clean_first': False, 'cmake_force_configure': False, 'cmake_target': None, 'cmake_target_skip_unavailable': False, 'install_base': '/home/eva/ros2_ws/install/arm_control', 'merge_install': False, 'path': '/home/eva/ros2_ws/src/arm_control', 'symlink_install': False, 'test_result_base': None}
[1.356s] Level 5:colcon.colcon_core.verb:set package 'aruco_recognition' build argument 'cmake_args' from command line to 'None'
[1.357s] Level 5:colcon.colcon_core.verb:set package 'aruco_recognition' build argument 'cmake_target' from command line to 'None'
[1.357s] Level 5:colcon.colcon_core.verb:set package 'aruco_recognition' build argument 'cmake_target_skip_unavailable' from command line to 'False'
[1.357s] Level 5:colcon.colcon_core.verb:set package 'aruco_recognition' build argument 'cmake_clean_cache' from command line to 'False'
[1.357s] Level 5:colcon.colcon_core.verb:set package 'aruco_recognition' build argument 'cmake_clean_first' from command line to 'False'
[1.357s] Level 5:colcon.colcon_core.verb:set package 'aruco_recognition' build argument 'cmake_force_configure' from command line to 'False'
[1.357s] Level 5:colcon.colcon_core.verb:set package 'aruco_recognition' build argument 'ament_cmake_args' from command line to 'None'
[1.357s] Level 5:colcon.colcon_core.verb:set package 'aruco_recognition' build argument 'catkin_cmake_args' from command line to 'None'
[1.357s] Level 5:colcon.colcon_core.verb:set package 'aruco_recognition' build argument 'catkin_skip_building_tests' from command line to 'False'
[1.357s] DEBUG:colcon.colcon_core.verb:Building package 'aruco_recognition' with the following arguments: {'ament_cmake_args': None, 'build_base': '/home/eva/ros2_ws/build/aruco_recognition', 'catkin_cmake_args': None, 'catkin_skip_building_tests': False, 'cmake_args': None, 'cmake_clean_cache': False, 'cmake_clean_first': False, 'cmake_force_configure': False, 'cmake_target': None, 'cmake_target_skip_unavailable': False, 'install_base': '/home/eva/ros2_ws/install/aruco_recognition', 'merge_install': False, 'path': '/home/eva/ros2_ws/src/aruco_recognition', 'symlink_install': False, 'test_result_base': None}
[1.357s] Level 5:colcon.colcon_core.verb:set package 'final_description' build argument 'cmake_args' from command line to 'None'
[1.357s] Level 5:colcon.colcon_core.verb:set package 'final_description' build argument 'cmake_target' from command line to 'None'
[1.357s] Level 5:colcon.colcon_core.verb:set package 'final_description' build argument 'cmake_target_skip_unavailable' from command line to 'False'
[1.357s] Level 5:colcon.colcon_core.verb:set package 'final_description' build argument 'cmake_clean_cache' from command line to 'False'
[1.358s] Level 5:colcon.colcon_core.verb:set package 'final_description' build argument 'cmake_clean_first' from command line to 'False'
[1.358s] Level 5:colcon.colcon_core.verb:set package 'final_description' build argument 'cmake_force_configure' from command line to 'False'
[1.358s] Level 5:colcon.colcon_core.verb:set package 'final_description' build argument 'ament_cmake_args' from command line to 'None'
[1.358s] Level 5:colcon.colcon_core.verb:set package 'final_description' build argument 'catkin_cmake_args' from command line to 'None'
[1.358s] Level 5:colcon.colcon_core.verb:set package 'final_description' build argument 'catkin_skip_building_tests' from command line to 'False'
[1.358s] DEBUG:colcon.colcon_core.verb:Building package 'final_description' with the following arguments: {'ament_cmake_args': None, 'build_base': '/home/eva/ros2_ws/build/final_description', 'catkin_cmake_args': None, 'catkin_skip_building_tests': False, 'cmake_args': None, 'cmake_clean_cache': False, 'cmake_clean_first': False, 'cmake_force_configure': False, 'cmake_target': None, 'cmake_target_skip_unavailable': False, 'install_base': '/home/eva/ros2_ws/install/final_description', 'merge_install': False, 'path': '/home/eva/ros2_ws/src/final_description', 'symlink_install': False, 'test_result_base': None}
[1.358s] Level 5:colcon.colcon_core.verb:set package 'final_description_moveit_config' build argument 'cmake_args' from command line to 'None'
[1.358s] Level 5:colcon.colcon_core.verb:set package 'final_description_moveit_config' build argument 'cmake_target' from command line to 'None'
[1.358s] Level 5:colcon.colcon_core.verb:set package 'final_description_moveit_config' build argument 'cmake_target_skip_unavailable' from command line to 'False'
[1.358s] Level 5:colcon.colcon_core.verb:set package 'final_description_moveit_config' build argument 'cmake_clean_cache' from command line to 'False'
[1.359s] Level 5:colcon.colcon_core.verb:set package 'final_description_moveit_config' build argument 'cmake_clean_first' from command line to 'False'
[1.359s] Level 5:colcon.colcon_core.verb:set package 'final_description_moveit_config' build argument 'cmake_force_configure' from command line to 'False'
[1.359s] Level 5:colcon.colcon_core.verb:set package 'final_description_moveit_config' build argument 'ament_cmake_args' from command line to 'None'
[1.359s] Level 5:colcon.colcon_core.verb:set package 'final_description_moveit_config' build argument 'catkin_cmake_args' from command line to 'None'
[1.359s] Level 5:colcon.colcon_core.verb:set package 'final_description_moveit_config' build argument 'catkin_skip_building_tests' from command line to 'False'
[1.359s] DEBUG:colcon.colcon_core.verb:Building package 'final_description_moveit_config' with the following arguments: {'ament_cmake_args': None, 'build_base': '/home/eva/ros2_ws/build/final_description_moveit_config', 'catkin_cmake_args': None, 'catkin_skip_building_tests': False, 'cmake_args': None, 'cmake_clean_cache': False, 'cmake_clean_first': False, 'cmake_force_configure': False, 'cmake_target': None, 'cmake_target_skip_unavailable': False, 'install_base': '/home/eva/ros2_ws/install/final_description_moveit_config', 'merge_install': False, 'path': '/home/eva/ros2_ws/src/final_description_moveit_config', 'symlink_install': False, 'test_result_base': None}
[1.359s] INFO:colcon.colcon_core.executor:Executing jobs using 'parallel' executor
[1.361s] DEBUG:colcon.colcon_parallel_executor.executor.parallel:run_until_complete
[1.362s] INFO:colcon.colcon_ros.task.ament_cmake.build:Building ROS package in '/home/eva/ros2_ws/src/final_description' with build type 'ament_cmake'
[1.362s] INFO:colcon.colcon_cmake.task.cmake.build:Building CMake package in '/home/eva/ros2_ws/src/final_description'
[1.374s] INFO:colcon.colcon_core.plugin_system:Skipping extension 'colcon_core.shell.bat': Not used on non-Windows systems
[1.375s] INFO:colcon.colcon_core.shell:Skip shell extension 'powershell' for command environment: Not usable outside of PowerShell
[1.375s] DEBUG:colcon.colcon_core.shell:Skip shell extension 'dsv' for command environment
[1.385s] INFO:colcon.colcon_ros.task.ament_cmake.build:Building ROS package in '/home/eva/ros2_ws/src/arm_control' with build type 'ament_cmake'
[1.385s] INFO:colcon.colcon_cmake.task.cmake.build:Building CMake package in '/home/eva/ros2_ws/src/arm_control'
[1.386s] INFO:colcon.colcon_core.shell:Skip shell extension 'powershell' for command environment: Not usable outside of PowerShell
[1.386s] DEBUG:colcon.colcon_core.shell:Skip shell extension 'dsv' for command environment
[1.445s] DEBUG:colcon.colcon_core.event_handler.log_command:Invoking command in '/home/eva/ros2_ws/build/final_description': CMAKE_PREFIX_PATH=/home/eva/2025-Summer-Knights-RASSOR/ezrassor_rover/install/rassor_serial_fwd:/home/eva/2025-Summer-Knights-RASSOR/ezrassor_rover/install/ezrassor_sim_description:/home/eva/2025-Summer-Knights-RASSOR/ezrassor_rover/install/ezrassor_controller_server:/opt/ros/humble /usr/bin/cmake /home/eva/ros2_ws/src/final_description -DCMAKE_INSTALL_PREFIX=/home/eva/ros2_ws/install/final_description
[1.489s] DEBUG:colcon.colcon_core.event_handler.log_command:Invoking command in '/home/eva/ros2_ws/build/arm_control': CMAKE_PREFIX_PATH=/home/eva/2025-Summer-Knights-RASSOR/ezrassor_rover/install/rassor_serial_fwd:/home/eva/2025-Summer-Knights-RASSOR/ezrassor_rover/install/ezrassor_sim_description:/home/eva/2025-Summer-Knights-RASSOR/ezrassor_rover/install/ezrassor_controller_server:/opt/ros/humble /usr/bin/cmake /home/eva/ros2_ws/src/arm_control -DCMAKE_INSTALL_PREFIX=/home/eva/ros2_ws/install/arm_control
[3.194s] DEBUG:colcon.colcon_core.event_handler.log_command:Invoked command in '/home/eva/ros2_ws/build/arm_control' returned '0': CMAKE_PREFIX_PATH=/home/eva/2025-Summer-Knights-RASSOR/ezrassor_rover/install/rassor_serial_fwd:/home/eva/2025-Summer-Knights-RASSOR/ezrassor_rover/install/ezrassor_sim_description:/home/eva/2025-Summer-Knights-RASSOR/ezrassor_rover/install/ezrassor_controller_server:/opt/ros/humble /usr/bin/cmake /home/eva/ros2_ws/src/arm_control -DCMAKE_INSTALL_PREFIX=/home/eva/ros2_ws/install/arm_control
[3.196s] DEBUG:colcon.colcon_core.event_handler.log_command:Invoking command in '/home/eva/ros2_ws/build/arm_control': CMAKE_PREFIX_PATH=/home/eva/2025-Summer-Knights-RASSOR/ezrassor_rover/install/rassor_serial_fwd:/home/eva/2025-Summer-Knights-RASSOR/ezrassor_rover/install/ezrassor_sim_description:/home/eva/2025-Summer-Knights-RASSOR/ezrassor_rover/install/ezrassor_controller_server:/opt/ros/humble /usr/bin/cmake --build /home/eva/ros2_ws/build/arm_control -- -j2 -l2
[3.301s] DEBUG:colcon.colcon_core.event_handler.log_command:Invoked command in '/home/eva/ros2_ws/build/final_description' returned '0': CMAKE_PREFIX_PATH=/home/eva/2025-Summer-Knights-RASSOR/ezrassor_rover/install/rassor_serial_fwd:/home/eva/2025-Summer-Knights-RASSOR/ezrassor_rover/install/ezrassor_sim_description:/home/eva/2025-Summer-Knights-RASSOR/ezrassor_rover/install/ezrassor_controller_server:/opt/ros/humble /usr/bin/cmake /home/eva/ros2_ws/src/final_description -DCMAKE_INSTALL_PREFIX=/home/eva/ros2_ws/install/final_description
[3.306s] DEBUG:colcon.colcon_core.event_handler.log_command:Invoking command in '/home/eva/ros2_ws/build/final_description': CMAKE_PREFIX_PATH=/home/eva/2025-Summer-Knights-RASSOR/ezrassor_rover/install/rassor_serial_fwd:/home/eva/2025-Summer-Knights-RASSOR/ezrassor_rover/install/ezrassor_sim_description:/home/eva/2025-Summer-Knights-RASSOR/ezrassor_rover/install/ezrassor_controller_server:/opt/ros/humble /usr/bin/cmake --build /home/eva/ros2_ws/build/final_description -- -j2 -l2
[3.321s] DEBUG:colcon.colcon_core.event_handler.log_command:Invoked command in '/home/eva/ros2_ws/build/arm_control' returned '0': CMAKE_PREFIX_PATH=/home/eva/2025-Summer-Knights-RASSOR/ezrassor_rover/install/rassor_serial_fwd:/home/eva/2025-Summer-Knights-RASSOR/ezrassor_rover/install/ezrassor_sim_description:/home/eva/2025-Summer-Knights-RASSOR/ezrassor_rover/install/ezrassor_controller_server:/opt/ros/humble /usr/bin/cmake --build /home/eva/ros2_ws/build/arm_control -- -j2 -l2
[3.333s] DEBUG:colcon.colcon_core.event_handler.log_command:Invoking command in '/home/eva/ros2_ws/build/arm_control': CMAKE_PREFIX_PATH=/home/eva/2025-Summer-Knights-RASSOR/ezrassor_rover/install/rassor_serial_fwd:/home/eva/2025-Summer-Knights-RASSOR/ezrassor_rover/install/ezrassor_sim_description:/home/eva/2025-Summer-Knights-RASSOR/ezrassor_rover/install/ezrassor_controller_server:/opt/ros/humble /usr/bin/cmake --install /home/eva/ros2_ws/build/arm_control
[3.378s] Level 1:colcon.colcon_core.environment:create_environment_scripts_only(arm_control)
[3.380s] DEBUG:colcon.colcon_core.event_handler.log_command:Invoked command in '/home/eva/ros2_ws/build/arm_control' returned '0': CMAKE_PREFIX_PATH=/home/eva/2025-Summer-Knights-RASSOR/ezrassor_rover/install/rassor_serial_fwd:/home/eva/2025-Summer-Knights-RASSOR/ezrassor_rover/install/ezrassor_sim_description:/home/eva/2025-Summer-Knights-RASSOR/ezrassor_rover/install/ezrassor_controller_server:/opt/ros/humble /usr/bin/cmake --install /home/eva/ros2_ws/build/arm_control
[3.399s] Level 1:colcon.colcon_core.environment:checking '/home/eva/ros2_ws/install/arm_control' for CMake module files
[3.400s] Level 1:colcon.colcon_core.environment:checking '/home/eva/ros2_ws/install/arm_control' for CMake config files
[3.401s] Level 1:colcon.colcon_core.shell:create_environment_hook('arm_control', 'cmake_prefix_path')
[3.402s] INFO:colcon.colcon_core.shell:Creating environment hook '/home/eva/ros2_ws/install/arm_control/share/arm_control/hook/cmake_prefix_path.ps1'
[3.403s] INFO:colcon.colcon_core.shell:Creating environment descriptor '/home/eva/ros2_ws/install/arm_control/share/arm_control/hook/cmake_prefix_path.dsv'
[3.403s] INFO:colcon.colcon_core.shell:Creating environment hook '/home/eva/ros2_ws/install/arm_control/share/arm_control/hook/cmake_prefix_path.sh'
[3.404s] Level 1:colcon.colcon_core.environment:checking '/home/eva/ros2_ws/install/arm_control/lib'
[3.405s] Level 1:colcon.colcon_core.environment:checking '/home/eva/ros2_ws/install/arm_control/bin'
[3.405s] Level 1:colcon.colcon_core.environment:checking '/home/eva/ros2_ws/install/arm_control/lib/pkgconfig/arm_control.pc'
[3.405s] Level 1:colcon.colcon_core.environment:checking '/home/eva/ros2_ws/install/arm_control/lib/python3.10/site-packages'
[3.405s] Level 1:colcon.colcon_core.environment:checking '/home/eva/ros2_ws/install/arm_control/bin'
[3.406s] INFO:colcon.colcon_core.shell:Creating package script '/home/eva/ros2_ws/install/arm_control/share/arm_control/package.ps1'
[3.407s] INFO:colcon.colcon_core.shell:Creating package descriptor '/home/eva/ros2_ws/install/arm_control/share/arm_control/package.dsv'
[3.408s] INFO:colcon.colcon_core.shell:Creating package script '/home/eva/ros2_ws/install/arm_control/share/arm_control/package.sh'
[3.410s] INFO:colcon.colcon_core.shell:Creating package script '/home/eva/ros2_ws/install/arm_control/share/arm_control/package.bash'
[3.413s] INFO:colcon.colcon_core.shell:Creating package script '/home/eva/ros2_ws/install/arm_control/share/arm_control/package.zsh'
[3.414s] Level 1:colcon.colcon_core.environment:create_file_with_runtime_dependencies(/home/eva/ros2_ws/install/arm_control/share/colcon-core/packages/arm_control)
[3.415s] Level 1:colcon.colcon_core.environment:create_environment_scripts_only(arm_control)
[3.422s] Level 1:colcon.colcon_core.environment:checking '/home/eva/ros2_ws/install/arm_control' for CMake module files
[3.423s] Level 1:colcon.colcon_core.environment:checking '/home/eva/ros2_ws/install/arm_control' for CMake config files
[3.423s] Level 1:colcon.colcon_core.shell:create_environment_hook('arm_control', 'cmake_prefix_path')
[3.424s] INFO:colcon.colcon_core.shell:Creating environment hook '/home/eva/ros2_ws/install/arm_control/share/arm_control/hook/cmake_prefix_path.ps1'
[3.425s] INFO:colcon.colcon_core.shell:Creating environment descriptor '/home/eva/ros2_ws/install/arm_control/share/arm_control/hook/cmake_prefix_path.dsv'
[3.426s] INFO:colcon.colcon_core.shell:Creating environment hook '/home/eva/ros2_ws/install/arm_control/share/arm_control/hook/cmake_prefix_path.sh'
[3.428s] Level 1:colcon.colcon_core.environment:checking '/home/eva/ros2_ws/install/arm_control/lib'
[3.428s] Level 1:colcon.colcon_core.environment:checking '/home/eva/ros2_ws/install/arm_control/bin'
[3.428s] Level 1:colcon.colcon_core.environment:checking '/home/eva/ros2_ws/install/arm_control/lib/pkgconfig/arm_control.pc'
[3.429s] Level 1:colcon.colcon_core.environment:checking '/home/eva/ros2_ws/install/arm_control/lib/python3.10/site-packages'
[3.430s] Level 1:colcon.colcon_core.environment:checking '/home/eva/ros2_ws/install/arm_control/bin'
[3.430s] INFO:colcon.colcon_core.shell:Creating package script '/home/eva/ros2_ws/install/arm_control/share/arm_control/package.ps1'
[3.432s] INFO:colcon.colcon_core.shell:Creating package descriptor '/home/eva/ros2_ws/install/arm_control/share/arm_control/package.dsv'
[3.434s] INFO:colcon.colcon_core.shell:Creating package script '/home/eva/ros2_ws/install/arm_control/share/arm_control/package.sh'
[3.435s] INFO:colcon.colcon_core.shell:Creating package script '/home/eva/ros2_ws/install/arm_control/share/arm_control/package.bash'
[3.437s] INFO:colcon.colcon_core.shell:Creating package script '/home/eva/ros2_ws/install/arm_control/share/arm_control/package.zsh'
[3.449s] Level 1:colcon.colcon_core.environment:create_file_with_runtime_dependencies(/home/eva/ros2_ws/install/arm_control/share/colcon-core/packages/arm_control)
[3.450s] INFO:colcon.colcon_ros.task.ament_cmake.build:Building ROS package in '/home/eva/ros2_ws/src/aruco_recognition' with build type 'ament_cmake'
[3.451s] INFO:colcon.colcon_cmake.task.cmake.build:Building CMake package in '/home/eva/ros2_ws/src/aruco_recognition'
[3.451s] INFO:colcon.colcon_core.shell:Skip shell extension 'powershell' for command environment: Not usable outside of PowerShell
[3.452s] DEBUG:colcon.colcon_core.shell:Skip shell extension 'dsv' for command environment
[3.482s] DEBUG:colcon.colcon_core.event_handler.log_command:Invoked command in '/home/eva/ros2_ws/build/final_description' returned '0': CMAKE_PREFIX_PATH=/home/eva/2025-Summer-Knights-RASSOR/ezrassor_rover/install/rassor_serial_fwd:/home/eva/2025-Summer-Knights-RASSOR/ezrassor_rover/install/ezrassor_sim_description:/home/eva/2025-Summer-Knights-RASSOR/ezrassor_rover/install/ezrassor_controller_server:/opt/ros/humble /usr/bin/cmake --build /home/eva/ros2_ws/build/final_description -- -j2 -l2
[3.483s] DEBUG:colcon.colcon_core.event_handler.log_command:Invoking command in '/home/eva/ros2_ws/build/final_description': CMAKE_PREFIX_PATH=/home/eva/2025-Summer-Knights-RASSOR/ezrassor_rover/install/rassor_serial_fwd:/home/eva/2025-Summer-Knights-RASSOR/ezrassor_rover/install/ezrassor_sim_description:/home/eva/2025-Summer-Knights-RASSOR/ezrassor_rover/install/ezrassor_controller_server:/opt/ros/humble /usr/bin/cmake --install /home/eva/ros2_ws/build/final_description
[3.567s] DEBUG:colcon.colcon_core.event_handler.log_command:Invoking command in '/home/eva/ros2_ws/build/aruco_recognition': CMAKE_PREFIX_PATH=/home/eva/2025-Summer-Knights-RASSOR/ezrassor_rover/install/rassor_serial_fwd:/home/eva/2025-Summer-Knights-RASSOR/ezrassor_rover/install/ezrassor_sim_description:/home/eva/2025-Summer-Knights-RASSOR/ezrassor_rover/install/ezrassor_controller_server:/opt/ros/humble /usr/bin/cmake /home/eva/ros2_ws/src/aruco_recognition -DCMAKE_INSTALL_PREFIX=/home/eva/ros2_ws/install/aruco_recognition
[3.835s] Level 1:colcon.colcon_core.environment:create_environment_scripts_only(final_description)
[3.836s] Level 1:colcon.colcon_core.environment:checking '/home/eva/ros2_ws/install/final_description' for CMake module files
[3.837s] Level 1:colcon.colcon_core.environment:checking '/home/eva/ros2_ws/install/final_description' for CMake config files
[3.837s] Level 1:colcon.colcon_core.shell:create_environment_hook('final_description', 'cmake_prefix_path')
[3.837s] INFO:colcon.colcon_core.shell:Creating environment hook '/home/eva/ros2_ws/install/final_description/share/final_description/hook/cmake_prefix_path.ps1'
[3.839s] DEBUG:colcon.colcon_core.event_handler.log_command:Invoked command in '/home/eva/ros2_ws/build/final_description' returned '0': CMAKE_PREFIX_PATH=/home/eva/2025-Summer-Knights-RASSOR/ezrassor_rover/install/rassor_serial_fwd:/home/eva/2025-Summer-Knights-RASSOR/ezrassor_rover/install/ezrassor_sim_description:/home/eva/2025-Summer-Knights-RASSOR/ezrassor_rover/install/ezrassor_controller_server:/opt/ros/humble /usr/bin/cmake --install /home/eva/ros2_ws/build/final_description
[3.843s] INFO:colcon.colcon_core.shell:Creating environment descriptor '/home/eva/ros2_ws/install/final_description/share/final_description/hook/cmake_prefix_path.dsv'
[3.844s] INFO:colcon.colcon_core.shell:Creating environment hook '/home/eva/ros2_ws/install/final_description/share/final_description/hook/cmake_prefix_path.sh'
[3.846s] Level 1:colcon.colcon_core.environment:checking '/home/eva/ros2_ws/install/final_description/bin'
[3.846s] Level 1:colcon.colcon_core.environment:checking '/home/eva/ros2_ws/install/final_description/lib/pkgconfig/final_description.pc'
[3.847s] Level 1:colcon.colcon_core.environment:checking '/home/eva/ros2_ws/install/final_description/lib/python3.10/site-packages'
[3.848s] Level 1:colcon.colcon_core.environment:checking '/home/eva/ros2_ws/install/final_description/bin'
[3.848s] INFO:colcon.colcon_core.shell:Creating package script '/home/eva/ros2_ws/install/final_description/share/final_description/package.ps1'
[3.862s] INFO:colcon.colcon_core.shell:Creating package descriptor '/home/eva/ros2_ws/install/final_description/share/final_description/package.dsv'
[3.864s] INFO:colcon.colcon_core.shell:Creating package script '/home/eva/ros2_ws/install/final_description/share/final_description/package.sh'
[3.865s] INFO:colcon.colcon_core.shell:Creating package script '/home/eva/ros2_ws/install/final_description/share/final_description/package.bash'
[3.865s] INFO:colcon.colcon_core.shell:Creating package script '/home/eva/ros2_ws/install/final_description/share/final_description/package.zsh'
[3.866s] Level 1:colcon.colcon_core.environment:create_file_with_runtime_dependencies(/home/eva/ros2_ws/install/final_description/share/colcon-core/packages/final_description)
[3.867s] Level 1:colcon.colcon_core.environment:create_environment_scripts_only(final_description)
[3.868s] Level 1:colcon.colcon_core.environment:checking '/home/eva/ros2_ws/install/final_description' for CMake module files
[3.869s] Level 1:colcon.colcon_core.environment:checking '/home/eva/ros2_ws/install/final_description' for CMake config files
[3.870s] Level 1:colcon.colcon_core.shell:create_environment_hook('final_description', 'cmake_prefix_path')
[3.872s] INFO:colcon.colcon_core.shell:Creating environment hook '/home/eva/ros2_ws/install/final_description/share/final_description/hook/cmake_prefix_path.ps1'
[3.873s] INFO:colcon.colcon_core.shell:Creating environment descriptor '/home/eva/ros2_ws/install/final_description/share/final_description/hook/cmake_prefix_path.dsv'
[3.875s] INFO:colcon.colcon_core.shell:Creating environment hook '/home/eva/ros2_ws/install/final_description/share/final_description/hook/cmake_prefix_path.sh'
[3.876s] Level 1:colcon.colcon_core.environment:checking '/home/eva/ros2_ws/install/final_description/bin'
[3.877s] Level 1:colcon.colcon_core.environment:checking '/home/eva/ros2_ws/install/final_description/lib/pkgconfig/final_description.pc'
[3.877s] Level 1:colcon.colcon_core.environment:checking '/home/eva/ros2_ws/install/final_description/lib/python3.10/site-packages'
[3.877s] Level 1:colcon.colcon_core.environment:checking '/home/eva/ros2_ws/install/final_description/bin'
[3.878s] INFO:colcon.colcon_core.shell:Creating package script '/home/eva/ros2_ws/install/final_description/share/final_description/package.ps1'
[3.879s] INFO:colcon.colcon_core.shell:Creating package descriptor '/home/eva/ros2_ws/install/final_description/share/final_description/package.dsv'
[3.880s] INFO:colcon.colcon_core.shell:Creating package script '/home/eva/ros2_ws/install/final_description/share/final_description/package.sh'
[3.882s] INFO:colcon.colcon_core.shell:Creating package script '/home/eva/ros2_ws/install/final_description/share/final_description/package.bash'
[3.884s] INFO:colcon.colcon_core.shell:Creating package script '/home/eva/ros2_ws/install/final_description/share/final_description/package.zsh'
[3.886s] Level 1:colcon.colcon_core.environment:create_file_with_runtime_dependencies(/home/eva/ros2_ws/install/final_description/share/colcon-core/packages/final_description)
[3.888s] INFO:colcon.colcon_ros.task.ament_cmake.build:Building ROS package in '/home/eva/ros2_ws/src/final_description_moveit_config' with build type 'ament_cmake'
[3.890s] INFO:colcon.colcon_cmake.task.cmake.build:Building CMake package in '/home/eva/ros2_ws/src/final_description_moveit_config'
[3.890s] INFO:colcon.colcon_core.shell:Skip shell extension 'powershell' for command environment: Not usable outside of PowerShell
[3.890s] DEBUG:colcon.colcon_core.shell:Skip shell extension 'dsv' for command environment
[3.915s] DEBUG:colcon.colcon_core.event_handler.log_command:Invoking command in '/home/eva/ros2_ws/build/final_description_moveit_config': AMENT_PREFIX_PATH=/home/eva/ros2_ws/install/final_description:${AMENT_PREFIX_PATH} CMAKE_PREFIX_PATH=/home/eva/ros2_ws/install/final_description:/home/eva/2025-Summer-Knights-RASSOR/ezrassor_rover/install/rassor_serial_fwd:/home/eva/2025-Summer-Knights-RASSOR/ezrassor_rover/install/ezrassor_sim_description:/home/eva/2025-Summer-Knights-RASSOR/ezrassor_rover/install/ezrassor_controller_server:/opt/ros/humble /usr/bin/cmake /home/eva/ros2_ws/src/final_description_moveit_config -DCMAKE_INSTALL_PREFIX=/home/eva/ros2_ws/install/final_description_moveit_config
[5.418s] DEBUG:colcon.colcon_core.event_handler.log_command:Invoked command in '/home/eva/ros2_ws/build/aruco_recognition' returned '0': CMAKE_PREFIX_PATH=/home/eva/2025-Summer-Knights-RASSOR/ezrassor_rover/install/rassor_serial_fwd:/home/eva/2025-Summer-Knights-RASSOR/ezrassor_rover/install/ezrassor_sim_description:/home/eva/2025-Summer-Knights-RASSOR/ezrassor_rover/install/ezrassor_controller_server:/opt/ros/humble /usr/bin/cmake /home/eva/ros2_ws/src/aruco_recognition -DCMAKE_INSTALL_PREFIX=/home/eva/ros2_ws/install/aruco_recognition
[5.431s] DEBUG:colcon.colcon_core.event_handler.log_command:Invoking command in '/home/eva/ros2_ws/build/aruco_recognition': CMAKE_PREFIX_PATH=/home/eva/2025-Summer-Knights-RASSOR/ezrassor_rover/install/rassor_serial_fwd:/home/eva/2025-Summer-Knights-RASSOR/ezrassor_rover/install/ezrassor_sim_description:/home/eva/2025-Summer-Knights-RASSOR/ezrassor_rover/install/ezrassor_controller_server:/opt/ros/humble /usr/bin/cmake --build /home/eva/ros2_ws/build/aruco_recognition -- -j2 -l2
[5.544s] DEBUG:colcon.colcon_core.event_handler.log_command:Invoked command in '/home/eva/ros2_ws/build/aruco_recognition' returned '0': CMAKE_PREFIX_PATH=/home/eva/2025-Summer-Knights-RASSOR/ezrassor_rover/install/rassor_serial_fwd:/home/eva/2025-Summer-Knights-RASSOR/ezrassor_rover/install/ezrassor_sim_description:/home/eva/2025-Summer-Knights-RASSOR/ezrassor_rover/install/ezrassor_controller_server:/opt/ros/humble /usr/bin/cmake --build /home/eva/ros2_ws/build/aruco_recognition -- -j2 -l2
[5.563s] DEBUG:colcon.colcon_core.event_handler.log_command:Invoking command in '/home/eva/ros2_ws/build/aruco_recognition': CMAKE_PREFIX_PATH=/home/eva/2025-Summer-Knights-RASSOR/ezrassor_rover/install/rassor_serial_fwd:/home/eva/2025-Summer-Knights-RASSOR/ezrassor_rover/install/ezrassor_sim_description:/home/eva/2025-Summer-Knights-RASSOR/ezrassor_rover/install/ezrassor_controller_server:/opt/ros/humble /usr/bin/cmake --install /home/eva/ros2_ws/build/aruco_recognition
[5.600s] Level 1:colcon.colcon_core.environment:create_environment_scripts_only(aruco_recognition)
[5.601s] DEBUG:colcon.colcon_core.event_handler.log_command:Invoked command in '/home/eva/ros2_ws/build/aruco_recognition' returned '0': CMAKE_PREFIX_PATH=/home/eva/2025-Summer-Knights-RASSOR/ezrassor_rover/install/rassor_serial_fwd:/home/eva/2025-Summer-Knights-RASSOR/ezrassor_rover/install/ezrassor_sim_description:/home/eva/2025-Summer-Knights-RASSOR/ezrassor_rover/install/ezrassor_controller_server:/opt/ros/humble /usr/bin/cmake --install /home/eva/ros2_ws/build/aruco_recognition
[5.601s] Level 1:colcon.colcon_core.environment:checking '/home/eva/ros2_ws/install/aruco_recognition' for CMake module files
[5.602s] Level 1:colcon.colcon_core.environment:checking '/home/eva/ros2_ws/install/aruco_recognition' for CMake config files
[5.603s] Level 1:colcon.colcon_core.shell:create_environment_hook('aruco_recognition', 'cmake_prefix_path')
[5.604s] INFO:colcon.colcon_core.shell:Creating environment hook '/home/eva/ros2_ws/install/aruco_recognition/share/aruco_recognition/hook/cmake_prefix_path.ps1'
[5.605s] INFO:colcon.colcon_core.shell:Creating environment descriptor '/home/eva/ros2_ws/install/aruco_recognition/share/aruco_recognition/hook/cmake_prefix_path.dsv'
[5.607s] INFO:colcon.colcon_core.shell:Creating environment hook '/home/eva/ros2_ws/install/aruco_recognition/share/aruco_recognition/hook/cmake_prefix_path.sh'
[5.608s] Level 1:colcon.colcon_core.environment:checking '/home/eva/ros2_ws/install/aruco_recognition/lib'
[5.608s] Level 1:colcon.colcon_core.environment:checking '/home/eva/ros2_ws/install/aruco_recognition/bin'
[5.608s] Level 1:colcon.colcon_core.environment:checking '/home/eva/ros2_ws/install/aruco_recognition/lib/pkgconfig/aruco_recognition.pc'
[5.609s] Level 1:colcon.colcon_core.environment:checking '/home/eva/ros2_ws/install/aruco_recognition/lib/python3.10/site-packages'
[5.609s] Level 1:colcon.colcon_core.environment:checking '/home/eva/ros2_ws/install/aruco_recognition/bin'
[5.610s] INFO:colcon.colcon_core.shell:Creating package script '/home/eva/ros2_ws/install/aruco_recognition/share/aruco_recognition/package.ps1'
[5.611s] INFO:colcon.colcon_core.shell:Creating package descriptor '/home/eva/ros2_ws/install/aruco_recognition/share/aruco_recognition/package.dsv'
[5.612s] INFO:colcon.colcon_core.shell:Creating package script '/home/eva/ros2_ws/install/aruco_recognition/share/aruco_recognition/package.sh'
[5.614s] INFO:colcon.colcon_core.shell:Creating package script '/home/eva/ros2_ws/install/aruco_recognition/share/aruco_recognition/package.bash'
[5.614s] INFO:colcon.colcon_core.shell:Creating package script '/home/eva/ros2_ws/install/aruco_recognition/share/aruco_recognition/package.zsh'
[5.615s] Level 1:colcon.colcon_core.environment:create_file_with_runtime_dependencies(/home/eva/ros2_ws/install/aruco_recognition/share/colcon-core/packages/aruco_recognition)
[5.617s] Level 1:colcon.colcon_core.environment:create_environment_scripts_only(aruco_recognition)
[5.617s] Level 1:colcon.colcon_core.environment:checking '/home/eva/ros2_ws/install/aruco_recognition' for CMake module files
[5.618s] Level 1:colcon.colcon_core.environment:checking '/home/eva/ros2_ws/install/aruco_recognition' for CMake config files
[5.620s] Level 1:colcon.colcon_core.shell:create_environment_hook('aruco_recognition', 'cmake_prefix_path')
[5.621s] INFO:colcon.colcon_core.shell:Creating environment hook '/home/eva/ros2_ws/install/aruco_recognition/share/aruco_recognition/hook/cmake_prefix_path.ps1'
[5.623s] INFO:colcon.colcon_core.shell:Creating environment descriptor '/home/eva/ros2_ws/install/aruco_recognition/share/aruco_recognition/hook/cmake_prefix_path.dsv'
[5.624s] INFO:colcon.colcon_core.shell:Creating environment hook '/home/eva/ros2_ws/install/aruco_recognition/share/aruco_recognition/hook/cmake_prefix_path.sh'
[5.627s] Level 1:colcon.colcon_core.environment:checking '/home/eva/ros2_ws/install/aruco_recognition/lib'
[5.627s] Level 1:colcon.colcon_core.environment:checking '/home/eva/ros2_ws/install/aruco_recognition/bin'
[5.627s] Level 1:colcon.colcon_core.environment:checking '/home/eva/ros2_ws/install/aruco_recognition/lib/pkgconfig/aruco_recognition.pc'
[5.627s] Level 1:colcon.colcon_core.environment:checking '/home/eva/ros2_ws/install/aruco_recognition/lib/python3.10/site-packages'
[5.628s] Level 1:colcon.colcon_core.environment:checking '/home/eva/ros2_ws/install/aruco_recognition/bin'
[5.628s] INFO:colcon.colcon_core.shell:Creating package script '/home/eva/ros2_ws/install/aruco_recognition/share/aruco_recognition/package.ps1'
[5.630s] INFO:colcon.colcon_core.shell:Creating package descriptor '/home/eva/ros2_ws/install/aruco_recognition/share/aruco_recognition/package.dsv'
[5.633s] INFO:colcon.colcon_core.shell:Creating package script '/home/eva/ros2_ws/install/aruco_recognition/share/aruco_recognition/package.sh'
[5.634s] INFO:colcon.colcon_core.shell:Creating package script '/home/eva/ros2_ws/install/aruco_recognition/share/aruco_recognition/package.bash'
[5.637s] INFO:colcon.colcon_core.shell:Creating package script '/home/eva/ros2_ws/install/aruco_recognition/share/aruco_recognition/package.zsh'
[5.638s] Level 1:colcon.colcon_core.environment:create_file_with_runtime_dependencies(/home/eva/ros2_ws/install/aruco_recognition/share/colcon-core/packages/aruco_recognition)
[5.641s] DEBUG:colcon.colcon_core.event_handler.log_command:Invoked command in '/home/eva/ros2_ws/build/final_description_moveit_config' returned '0': AMENT_PREFIX_PATH=/home/eva/ros2_ws/install/final_description:${AMENT_PREFIX_PATH} CMAKE_PREFIX_PATH=/home/eva/ros2_ws/install/final_description:/home/eva/2025-Summer-Knights-RASSOR/ezrassor_rover/install/rassor_serial_fwd:/home/eva/2025-Summer-Knights-RASSOR/ezrassor_rover/install/ezrassor_sim_description:/home/eva/2025-Summer-Knights-RASSOR/ezrassor_rover/install/ezrassor_controller_server:/opt/ros/humble /usr/bin/cmake /home/eva/ros2_ws/src/final_description_moveit_config -DCMAKE_INSTALL_PREFIX=/home/eva/ros2_ws/install/final_description_moveit_config
[5.642s] DEBUG:colcon.colcon_core.event_handler.log_command:Invoking command in '/home/eva/ros2_ws/build/final_description_moveit_config': AMENT_PREFIX_PATH=/home/eva/ros2_ws/install/final_description:${AMENT_PREFIX_PATH} CMAKE_PREFIX_PATH=/home/eva/ros2_ws/install/final_description:/home/eva/2025-Summer-Knights-RASSOR/ezrassor_rover/install/rassor_serial_fwd:/home/eva/2025-Summer-Knights-RASSOR/ezrassor_rover/install/ezrassor_sim_description:/home/eva/2025-Summer-Knights-RASSOR/ezrassor_rover/install/ezrassor_controller_server:/opt/ros/humble /usr/bin/cmake --build /home/eva/ros2_ws/build/final_description_moveit_config -- -j2 -l2
[5.869s] DEBUG:colcon.colcon_core.event_handler.log_command:Invoked command in '/home/eva/ros2_ws/build/final_description_moveit_config' returned '0': AMENT_PREFIX_PATH=/home/eva/ros2_ws/install/final_description:${AMENT_PREFIX_PATH} CMAKE_PREFIX_PATH=/home/eva/ros2_ws/install/final_description:/home/eva/2025-Summer-Knights-RASSOR/ezrassor_rover/install/rassor_serial_fwd:/home/eva/2025-Summer-Knights-RASSOR/ezrassor_rover/install/ezrassor_sim_description:/home/eva/2025-Summer-Knights-RASSOR/ezrassor_rover/install/ezrassor_controller_server:/opt/ros/humble /usr/bin/cmake --build /home/eva/ros2_ws/build/final_description_moveit_config -- -j2 -l2
[5.871s] DEBUG:colcon.colcon_core.event_handler.log_command:Invoking command in '/home/eva/ros2_ws/build/final_description_moveit_config': AMENT_PREFIX_PATH=/home/eva/ros2_ws/install/final_description:${AMENT_PREFIX_PATH} CMAKE_PREFIX_PATH=/home/eva/ros2_ws/install/final_description:/home/eva/2025-Summer-Knights-RASSOR/ezrassor_rover/install/rassor_serial_fwd:/home/eva/2025-Summer-Knights-RASSOR/ezrassor_rover/install/ezrassor_sim_description:/home/eva/2025-Summer-Knights-RASSOR/ezrassor_rover/install/ezrassor_controller_server:/opt/ros/humble /usr/bin/cmake --install /home/eva/ros2_ws/build/final_description_moveit_config
[5.925s] Level 1:colcon.colcon_core.environment:create_environment_scripts_only(final_description_moveit_config)
[5.926s] Level 1:colcon.colcon_core.environment:checking '/home/eva/ros2_ws/install/final_description_moveit_config' for CMake module files
[5.927s] DEBUG:colcon.colcon_core.event_handler.log_command:Invoked command in '/home/eva/ros2_ws/build/final_description_moveit_config' returned '0': AMENT_PREFIX_PATH=/home/eva/ros2_ws/install/final_description:${AMENT_PREFIX_PATH} CMAKE_PREFIX_PATH=/home/eva/ros2_ws/install/final_description:/home/eva/2025-Summer-Knights-RASSOR/ezrassor_rover/install/rassor_serial_fwd:/home/eva/2025-Summer-Knights-RASSOR/ezrassor_rover/install/ezrassor_sim_description:/home/eva/2025-Summer-Knights-RASSOR/ezrassor_rover/install/ezrassor_controller_server:/opt/ros/humble /usr/bin/cmake --install /home/eva/ros2_ws/build/final_description_moveit_config
[5.928s] Level 1:colcon.colcon_core.environment:checking '/home/eva/ros2_ws/install/final_description_moveit_config' for CMake config files
[5.928s] Level 1:colcon.colcon_core.shell:create_environment_hook('final_description_moveit_config', 'cmake_prefix_path')
[5.928s] INFO:colcon.colcon_core.shell:Creating environment hook '/home/eva/ros2_ws/install/final_description_moveit_config/share/final_description_moveit_config/hook/cmake_prefix_path.ps1'
[5.929s] INFO:colcon.colcon_core.shell:Creating environment descriptor '/home/eva/ros2_ws/install/final_description_moveit_config/share/final_description_moveit_config/hook/cmake_prefix_path.dsv'
[5.929s] INFO:colcon.colcon_core.shell:Creating environment hook '/home/eva/ros2_ws/install/final_description_moveit_config/share/final_description_moveit_config/hook/cmake_prefix_path.sh'
[5.930s] Level 1:colcon.colcon_core.environment:checking '/home/eva/ros2_ws/install/final_description_moveit_config/bin'
[5.930s] Level 1:colcon.colcon_core.environment:checking '/home/eva/ros2_ws/install/final_description_moveit_config/lib/pkgconfig/final_description_moveit_config.pc'
[5.930s] Level 1:colcon.colcon_core.environment:checking '/home/eva/ros2_ws/install/final_description_moveit_config/lib/python3.10/site-packages'
[5.931s] Level 1:colcon.colcon_core.environment:checking '/home/eva/ros2_ws/install/final_description_moveit_config/bin'
[5.931s] INFO:colcon.colcon_core.shell:Creating package script '/home/eva/ros2_ws/install/final_description_moveit_config/share/final_description_moveit_config/package.ps1'
[5.931s] INFO:colcon.colcon_core.shell:Creating package descriptor '/home/eva/ros2_ws/install/final_description_moveit_config/share/final_description_moveit_config/package.dsv'
[5.933s] INFO:colcon.colcon_core.shell:Creating package script '/home/eva/ros2_ws/install/final_description_moveit_config/share/final_description_moveit_config/package.sh'
[5.933s] INFO:colcon.colcon_core.shell:Creating package script '/home/eva/ros2_ws/install/final_description_moveit_config/share/final_description_moveit_config/package.bash'
[5.934s] INFO:colcon.colcon_core.shell:Creating package script '/home/eva/ros2_ws/install/final_description_moveit_config/share/final_description_moveit_config/package.zsh'
[5.934s] Level 1:colcon.colcon_core.environment:create_file_with_runtime_dependencies(/home/eva/ros2_ws/install/final_description_moveit_config/share/colcon-core/packages/final_description_moveit_config)
[5.935s] Level 1:colcon.colcon_core.environment:create_environment_scripts_only(final_description_moveit_config)
[5.935s] Level 1:colcon.colcon_core.environment:checking '/home/eva/ros2_ws/install/final_description_moveit_config' for CMake module files
[5.936s] Level 1:colcon.colcon_core.environment:checking '/home/eva/ros2_ws/install/final_description_moveit_config' for CMake config files
[5.936s] Level 1:colcon.colcon_core.shell:create_environment_hook('final_description_moveit_config', 'cmake_prefix_path')
[5.936s] INFO:colcon.colcon_core.shell:Creating environment hook '/home/eva/ros2_ws/install/final_description_moveit_config/share/final_description_moveit_config/hook/cmake_prefix_path.ps1'
[5.938s] INFO:colcon.colcon_core.shell:Creating environment descriptor '/home/eva/ros2_ws/install/final_description_moveit_config/share/final_description_moveit_config/hook/cmake_prefix_path.dsv'
[5.946s] INFO:colcon.colcon_core.shell:Creating environment hook '/home/eva/ros2_ws/install/final_description_moveit_config/share/final_description_moveit_config/hook/cmake_prefix_path.sh'
[5.955s] Level 1:colcon.colcon_core.environment:checking '/home/eva/ros2_ws/install/final_description_moveit_config/bin'
[5.956s] Level 1:colcon.colcon_core.environment:checking '/home/eva/ros2_ws/install/final_description_moveit_config/lib/pkgconfig/final_description_moveit_config.pc'
[5.956s] Level 1:colcon.colcon_core.environment:checking '/home/eva/ros2_ws/install/final_description_moveit_config/lib/python3.10/site-packages'
[5.957s] Level 1:colcon.colcon_core.environment:checking '/home/eva/ros2_ws/install/final_description_moveit_config/bin'
[5.958s] INFO:colcon.colcon_core.shell:Creating package script '/home/eva/ros2_ws/install/final_description_moveit_config/share/final_description_moveit_config/package.ps1'
[5.959s] INFO:colcon.colcon_core.shell:Creating package descriptor '/home/eva/ros2_ws/install/final_description_moveit_config/share/final_description_moveit_config/package.dsv'
[5.961s] INFO:colcon.colcon_core.shell:Creating package script '/home/eva/ros2_ws/install/final_description_moveit_config/share/final_description_moveit_config/package.sh'
[5.963s] INFO:colcon.colcon_core.shell:Creating package script '/home/eva/ros2_ws/install/final_description_moveit_config/share/final_description_moveit_config/package.bash'
[5.973s] INFO:colcon.colcon_core.shell:Creating package script '/home/eva/ros2_ws/install/final_description_moveit_config/share/final_description_moveit_config/package.zsh'
[5.975s] Level 1:colcon.colcon_core.environment:create_file_with_runtime_dependencies(/home/eva/ros2_ws/install/final_description_moveit_config/share/colcon-core/packages/final_description_moveit_config)
[5.976s] DEBUG:colcon.colcon_parallel_executor.executor.parallel:closing loop
[5.978s] DEBUG:colcon.colcon_parallel_executor.executor.parallel:loop closed
[5.978s] DEBUG:colcon.colcon_parallel_executor.executor.parallel:run_until_complete finished with '0'
[5.978s] DEBUG:colcon.colcon_core.event_reactor:joining thread
[6.036s] INFO:colcon.colcon_core.plugin_system:Skipping extension 'colcon_notification.desktop_notification.terminal_notifier': Not used on non-Darwin systems
[6.036s] INFO:colcon.colcon_core.plugin_system:Skipping extension 'colcon_notification.desktop_notification.win32': Not used on non-Windows systems
[6.036s] INFO:colcon.colcon_notification.desktop_notification:Sending desktop notification using 'notify2'
[6.116s] DEBUG:colcon.colcon_core.event_reactor:joined thread
[6.117s] INFO:colcon.colcon_core.shell:Creating prefix script '/home/eva/ros2_ws/install/local_setup.ps1'
[6.120s] INFO:colcon.colcon_core.shell:Creating prefix util module '/home/eva/ros2_ws/install/_local_setup_util_ps1.py'
[6.131s] INFO:colcon.colcon_core.shell:Creating prefix chain script '/home/eva/ros2_ws/install/setup.ps1'
[6.134s] INFO:colcon.colcon_core.shell:Creating prefix script '/home/eva/ros2_ws/install/local_setup.sh'
[6.140s] INFO:colcon.colcon_core.shell:Creating prefix util module '/home/eva/ros2_ws/install/_local_setup_util_sh.py'
[6.140s] INFO:colcon.colcon_core.shell:Creating prefix chain script '/home/eva/ros2_ws/install/setup.sh'
[6.143s] INFO:colcon.colcon_core.shell:Creating prefix script '/home/eva/ros2_ws/install/local_setup.bash'
[6.146s] INFO:colcon.colcon_core.shell:Creating prefix chain script '/home/eva/ros2_ws/install/setup.bash'
[6.149s] INFO:colcon.colcon_core.shell:Creating prefix script '/home/eva/ros2_ws/install/local_setup.zsh'
[6.152s] INFO:colcon.colcon_core.shell:Creating prefix chain script '/home/eva/ros2_ws/install/setup.zsh'
