[0.111s] Invoking command in '/home/eva/ros2_ws/build/aruco_recognition': CMAKE_PREFIX_PATH=/home/eva/2025-Summer-Knights-RASSOR/ezrassor_rover/install/rassor_serial_fwd:/home/eva/2025-Summer-Knights-RASSOR/ezrassor_rover/install/ezrassor_sim_description:/home/eva/2025-Summer-Knights-RASSOR/ezrassor_rover/install/ezrassor_controller_server:/opt/ros/humble /usr/bin/cmake /home/eva/ros2_ws/src/aruco_recognition -DCMAKE_INSTALL_PREFIX=/home/eva/ros2_ws/install/aruco_recognition
[0.407s] -- The C compiler identification is GNU 11.4.0
[0.601s] -- The CXX compiler identification is GNU 11.4.0
[0.633s] -- Detecting C compiler ABI info
[0.874s] -- Detecting C compiler ABI info - done
[0.874s] -- Check for working C compiler: /usr/bin/cc - skipped
[0.876s] -- Detecting C compile features
[0.878s] -- Detecting C compile features - done
[0.890s] -- Detecting CXX compiler ABI info
[1.118s] -- Detecting CXX compiler ABI info - done
[1.140s] -- Check for working CXX compiler: /usr/bin/c++ - skipped
[1.142s] -- Detecting CXX compile features
[1.145s] -- Detecting CXX compile features - done
[1.165s] -- Found ament_cmake: 1.3.12 (/opt/ros/humble/share/ament_cmake/cmake)
[1.544s] -- Found Python3: /usr/bin/python3 (found version "3.10.12") found components: Interpreter 
[1.780s] -- Found rclpy: 3.3.17 (/opt/ros/humble/share/rclpy/cmake)
[1.950s] -- Configuring done
[1.950s] -- Generating done
[1.953s] -- Build files have been written to: /home/eva/ros2_ws/build/aruco_recognition
[1.963s] Invoked command in '/home/eva/ros2_ws/build/aruco_recognition' returned '0': CMAKE_PREFIX_PATH=/home/eva/2025-Summer-Knights-RASSOR/ezrassor_rover/install/rassor_serial_fwd:/home/eva/2025-Summer-Knights-RASSOR/ezrassor_rover/install/ezrassor_sim_description:/home/eva/2025-Summer-Knights-RASSOR/ezrassor_rover/install/ezrassor_controller_server:/opt/ros/humble /usr/bin/cmake /home/eva/ros2_ws/src/aruco_recognition -DCMAKE_INSTALL_PREFIX=/home/eva/ros2_ws/install/aruco_recognition
[1.976s] Invoking command in '/home/eva/ros2_ws/build/aruco_recognition': CMAKE_PREFIX_PATH=/home/eva/2025-Summer-Knights-RASSOR/ezrassor_rover/install/rassor_serial_fwd:/home/eva/2025-Summer-Knights-RASSOR/ezrassor_rover/install/ezrassor_sim_description:/home/eva/2025-Summer-Knights-RASSOR/ezrassor_rover/install/ezrassor_controller_server:/opt/ros/humble /usr/bin/cmake --build /home/eva/ros2_ws/build/aruco_recognition -- -j2 -l2
[2.089s] Invoked command in '/home/eva/ros2_ws/build/aruco_recognition' returned '0': CMAKE_PREFIX_PATH=/home/eva/2025-Summer-Knights-RASSOR/ezrassor_rover/install/rassor_serial_fwd:/home/eva/2025-Summer-Knights-RASSOR/ezrassor_rover/install/ezrassor_sim_description:/home/eva/2025-Summer-Knights-RASSOR/ezrassor_rover/install/ezrassor_controller_server:/opt/ros/humble /usr/bin/cmake --build /home/eva/ros2_ws/build/aruco_recognition -- -j2 -l2
[2.109s] Invoking command in '/home/eva/ros2_ws/build/aruco_recognition': CMAKE_PREFIX_PATH=/home/eva/2025-Summer-Knights-RASSOR/ezrassor_rover/install/rassor_serial_fwd:/home/eva/2025-Summer-Knights-RASSOR/ezrassor_rover/install/ezrassor_sim_description:/home/eva/2025-Summer-Knights-RASSOR/ezrassor_rover/install/ezrassor_controller_server:/opt/ros/humble /usr/bin/cmake --install /home/eva/ros2_ws/build/aruco_recognition
[2.119s] -- Install configuration: ""
[2.120s] -- Installing: /home/eva/ros2_ws/install/aruco_recognition/lib/aruco_recognition/aruco_pose_estimation.py
[2.124s] -- Installing: /home/eva/ros2_ws/install/aruco_recognition/share/ament_index/resource_index/package_run_dependencies/aruco_recognition
[2.126s] -- Installing: /home/eva/ros2_ws/install/aruco_recognition/share/ament_index/resource_index/parent_prefix_path/aruco_recognition
[2.127s] -- Installing: /home/eva/ros2_ws/install/aruco_recognition/share/aruco_recognition/environment/ament_prefix_path.sh
[2.137s] -- Installing: /home/eva/ros2_ws/install/aruco_recognition/share/aruco_recognition/environment/ament_prefix_path.dsv
[2.144s] -- Installing: /home/eva/ros2_ws/install/aruco_recognition/share/aruco_recognition/environment/path.sh
[2.144s] -- Installing: /home/eva/ros2_ws/install/aruco_recognition/share/aruco_recognition/environment/path.dsv
[2.144s] -- Installing: /home/eva/ros2_ws/install/aruco_recognition/share/aruco_recognition/local_setup.bash
[2.144s] -- Installing: /home/eva/ros2_ws/install/aruco_recognition/share/aruco_recognition/local_setup.sh
[2.144s] -- Installing: /home/eva/ros2_ws/install/aruco_recognition/share/aruco_recognition/local_setup.zsh
[2.144s] -- Installing: /home/eva/ros2_ws/install/aruco_recognition/share/aruco_recognition/local_setup.dsv
[2.145s] -- Installing: /home/eva/ros2_ws/install/aruco_recognition/share/aruco_recognition/package.dsv
[2.145s] -- Installing: /home/eva/ros2_ws/install/aruco_recognition/share/ament_index/resource_index/packages/aruco_recognition
[2.145s] -- Installing: /home/eva/ros2_ws/install/aruco_recognition/share/aruco_recognition/cmake/aruco_recognitionConfig.cmake
[2.145s] -- Installing: /home/eva/ros2_ws/install/aruco_recognition/share/aruco_recognition/cmake/aruco_recognitionConfig-version.cmake
[2.145s] -- Installing: /home/eva/ros2_ws/install/aruco_recognition/share/aruco_recognition/package.xml
[2.146s] Invoked command in '/home/eva/ros2_ws/build/aruco_recognition' returned '0': CMAKE_PREFIX_PATH=/home/eva/2025-Summer-Knights-RASSOR/ezrassor_rover/install/rassor_serial_fwd:/home/eva/2025-Summer-Knights-RASSOR/ezrassor_rover/install/ezrassor_sim_description:/home/eva/2025-Summer-Knights-RASSOR/ezrassor_rover/install/ezrassor_controller_server:/opt/ros/humble /usr/bin/cmake --install /home/eva/ros2_ws/build/aruco_recognition
