[0.102s] Invoking command in '/home/eva/ros2_ws/build/arm_control': CMAKE_PREFIX_PATH=/home/eva/2025-Summer-Knights-RASSOR/ezrassor_rover/install/rassor_serial_fwd:/home/eva/2025-Summer-Knights-RASSOR/ezrassor_rover/install/ezrassor_sim_description:/home/eva/2025-Summer-Knights-RASSOR/ezrassor_rover/install/ezrassor_controller_server:/opt/ros/humble /usr/bin/cmake /home/eva/ros2_ws/src/arm_control -DCMAKE_INSTALL_PREFIX=/home/eva/ros2_ws/install/arm_control
[0.310s] -- The C compiler identification is GNU 11.4.0
[0.456s] -- The CXX compiler identification is GNU 11.4.0
[0.479s] -- Detecting C compiler ABI info
[0.694s] -- Detecting C compiler ABI info - done
[0.712s] -- Check for working C compiler: /usr/bin/cc - skipped
[0.714s] -- Detecting C compile features
[0.714s] -- Detecting C compile features - done
[0.720s] -- Detecting CXX compiler ABI info
[0.935s] -- Detecting CXX compiler ABI info - done
[0.956s] -- Check for working CXX compiler: /usr/bin/c++ - skipped
[0.956s] -- Detecting CXX compile features
[0.956s] -- Detecting CXX compile features - done
[0.960s] -- Found ament_cmake: 1.3.12 (/opt/ros/humble/share/ament_cmake/cmake)
[1.364s] -- Found Python3: /usr/bin/python3 (found version "3.10.12") found components: Interpreter 
[1.578s] -- Found rclpy: 3.3.17 (/opt/ros/humble/share/rclpy/cmake)
[1.786s] -- Configuring done
[1.791s] -- Generating done
[1.799s] -- Build files have been written to: /home/eva/ros2_ws/build/arm_control
[1.807s] Invoked command in '/home/eva/ros2_ws/build/arm_control' returned '0': CMAKE_PREFIX_PATH=/home/eva/2025-Summer-Knights-RASSOR/ezrassor_rover/install/rassor_serial_fwd:/home/eva/2025-Summer-Knights-RASSOR/ezrassor_rover/install/ezrassor_sim_description:/home/eva/2025-Summer-Knights-RASSOR/ezrassor_rover/install/ezrassor_controller_server:/opt/ros/humble /usr/bin/cmake /home/eva/ros2_ws/src/arm_control -DCMAKE_INSTALL_PREFIX=/home/eva/ros2_ws/install/arm_control
[1.809s] Invoking command in '/home/eva/ros2_ws/build/arm_control': CMAKE_PREFIX_PATH=/home/eva/2025-Summer-Knights-RASSOR/ezrassor_rover/install/rassor_serial_fwd:/home/eva/2025-Summer-Knights-RASSOR/ezrassor_rover/install/ezrassor_sim_description:/home/eva/2025-Summer-Knights-RASSOR/ezrassor_rover/install/ezrassor_controller_server:/opt/ros/humble /usr/bin/cmake --build /home/eva/ros2_ws/build/arm_control -- -j2 -l2
[1.934s] Invoked command in '/home/eva/ros2_ws/build/arm_control' returned '0': CMAKE_PREFIX_PATH=/home/eva/2025-Summer-Knights-RASSOR/ezrassor_rover/install/rassor_serial_fwd:/home/eva/2025-Summer-Knights-RASSOR/ezrassor_rover/install/ezrassor_sim_description:/home/eva/2025-Summer-Knights-RASSOR/ezrassor_rover/install/ezrassor_controller_server:/opt/ros/humble /usr/bin/cmake --build /home/eva/ros2_ws/build/arm_control -- -j2 -l2
[1.946s] Invoking command in '/home/eva/ros2_ws/build/arm_control': CMAKE_PREFIX_PATH=/home/eva/2025-Summer-Knights-RASSOR/ezrassor_rover/install/rassor_serial_fwd:/home/eva/2025-Summer-Knights-RASSOR/ezrassor_rover/install/ezrassor_sim_description:/home/eva/2025-Summer-Knights-RASSOR/ezrassor_rover/install/ezrassor_controller_server:/opt/ros/humble /usr/bin/cmake --install /home/eva/ros2_ws/build/arm_control
[1.975s] -- Install configuration: ""
[1.975s] -- Installing: /home/eva/ros2_ws/install/arm_control/lib/arm_control/arm_control_with_kdl.py
[1.978s] -- Installing: /home/eva/ros2_ws/install/arm_control/share/ament_index/resource_index/package_run_dependencies/arm_control
[1.979s] -- Installing: /home/eva/ros2_ws/install/arm_control/share/ament_index/resource_index/parent_prefix_path/arm_control
[1.980s] -- Installing: /home/eva/ros2_ws/install/arm_control/share/arm_control/environment/ament_prefix_path.sh
[1.983s] -- Installing: /home/eva/ros2_ws/install/arm_control/share/arm_control/environment/ament_prefix_path.dsv
[1.984s] -- Installing: /home/eva/ros2_ws/install/arm_control/share/arm_control/environment/path.sh
[1.985s] -- Installing: /home/eva/ros2_ws/install/arm_control/share/arm_control/environment/path.dsv
[1.985s] -- Installing: /home/eva/ros2_ws/install/arm_control/share/arm_control/local_setup.bash
[1.985s] -- Installing: /home/eva/ros2_ws/install/arm_control/share/arm_control/local_setup.sh
[1.986s] -- Installing: /home/eva/ros2_ws/install/arm_control/share/arm_control/local_setup.zsh
[1.986s] -- Installing: /home/eva/ros2_ws/install/arm_control/share/arm_control/local_setup.dsv
[1.986s] -- Installing: /home/eva/ros2_ws/install/arm_control/share/arm_control/package.dsv
[1.987s] -- Installing: /home/eva/ros2_ws/install/arm_control/share/ament_index/resource_index/packages/arm_control
[1.987s] -- Installing: /home/eva/ros2_ws/install/arm_control/share/arm_control/cmake/arm_controlConfig.cmake
[1.987s] -- Installing: /home/eva/ros2_ws/install/arm_control/share/arm_control/cmake/arm_controlConfig-version.cmake
[1.988s] -- Installing: /home/eva/ros2_ws/install/arm_control/share/arm_control/package.xml
[1.993s] Invoked command in '/home/eva/ros2_ws/build/arm_control' returned '0': CMAKE_PREFIX_PATH=/home/eva/2025-Summer-Knights-RASSOR/ezrassor_rover/install/rassor_serial_fwd:/home/eva/2025-Summer-Knights-RASSOR/ezrassor_rover/install/ezrassor_sim_description:/home/eva/2025-Summer-Knights-RASSOR/ezrassor_rover/install/ezrassor_controller_server:/opt/ros/humble /usr/bin/cmake --install /home/eva/ros2_ws/build/arm_control
